{"/mnt/c/Users/advma/Desktop/Folder/frontend-project-lvl2/src/multi.js": {"path":"/mnt/c/Users/advma/Desktop/Folder/frontend-project-lvl2/src/multi.js","statementMap":{"0":{"start":{"line":1,"column":25},"end":{"line":1,"column":30}}},"fnMap":{"0":{"name":"(anonymous_0)","decl":{"start":{"line":1,"column":15},"end":{"line":1,"column":16}},"loc":{"start":{"line":1,"column":25},"end":{"line":1,"column":30}},"line":1}},"branchMap":{},"s":{"0":1},"f":{"0":1},"b":{},"_coverageSchema":"1a1c01bbd47fc00a2c39e90264f33305004495a9","hash":"1a841ff548c2433c8067a8ebcfaee9ce86f6810d"}
,"/mnt/c/Users/advma/Desktop/Folder/frontend-project-lvl2/src/sum.js": {"path":"/mnt/c/Users/advma/Desktop/Folder/frontend-project-lvl2/src/sum.js","statementMap":{"0":{"start":{"line":1,"column":25},"end":{"line":1,"column":30}}},"fnMap":{"0":{"name":"(anonymous_0)","decl":{"start":{"line":1,"column":15},"end":{"line":1,"column":16}},"loc":{"start":{"line":1,"column":25},"end":{"line":1,"column":30}},"line":1}},"branchMap":{},"s":{"0":1},"f":{"0":1},"b":{},"_coverageSchema":"1a1c01bbd47fc00a2c39e90264f33305004495a9","hash":"c37b49078ae6dc8e9ea15cf068ceb41df9ac53b4"}
}
